# JRE version: Java(TM) SE Runtime Environment (7.0_45-b18) (build 1.7.0_45-b18)
# Java VM: Java HotSpot(TM) 64-Bit Server VM (24.45-b08 mixed mode linux-amd64 compressed oops)
Heap
 PSYoungGen      total 61952K, used 849K [0x00000000ec680000, 0x00000000f7f00000, 0x0000000100000000)
  eden space 39936K, 2% used [0x00000000ec680000,0x00000000ec754428,0x00000000eed80000)
  from space 22016K, 0% used [0x00000000eed80000,0x00000000eed80000,0x00000000f0300000)
  to   space 72704K, 0% used [0x00000000f3800000,0x00000000f3800000,0x00000000f7f00000)
 ParOldGen       total 355328K, used 240648K [0x00000000c5400000, 0x00000000daf00000, 0x00000000ec680000)
  object space 355328K, 67% used [0x00000000c5400000,0x00000000d3f023e8,0x00000000daf00000)
 PSPermGen       total 28672K, used 17058K [0x00000000c0200000, 0x00000000c1e00000, 0x00000000c5400000)
  object space 28672K, 59% used [0x00000000c0200000,0x00000000c12a8b28,0x00000000c1e00000)
GC Heap History (10 events):
Event: 54,974 GC heap before
{Heap before GC invocations=17 (full 6):
 PSYoungGen      total 95744K, used 57856K [0x00000000ec680000, 0x00000000f4d80000, 0x0000000100000000)
  eden space 57856K, 100% used [0x00000000ec680000,0x00000000eff00000,0x00000000eff00000)
  from space 37888K, 0% used [0x00000000f2580000,0x00000000f2580000,0x00000000f4a80000)
  to   space 39424K, 0% used [0x00000000eff00000,0x00000000eff00000,0x00000000f2580000)
 ParOldGen       total 223232K, used 138178K [0x00000000c5400000, 0x00000000d2e00000, 0x00000000ec680000)
  object space 223232K, 61% used [0x00000000c5400000,0x00000000cdaf0a18,0x00000000d2e00000)
 PSPermGen       total 31744K, used 17046K [0x00000000c0200000, 0x00000000c2100000, 0x00000000c5400000)
  object space 31744K, 53% used [0x00000000c0200000,0x00000000c12a5b20,0x00000000c2100000)
Event: 55,131 GC heap after
Heap after GC invocations=17 (full 6):
 PSYoungGen      total 97280K, used 39424K [0x00000000ec680000, 0x00000000f6b00000, 0x0000000100000000)
  eden space 57856K, 0% used [0x00000000ec680000,0x00000000ec680000,0x00000000eff00000)
  from space 39424K, 100% used [0x00000000eff00000,0x00000000f2580000,0x00000000f2580000)
  to   space 51712K, 0% used [0x00000000f3880000,0x00000000f3880000,0x00000000f6b00000)
 ParOldGen       total 223232K, used 153658K [0x00000000c5400000, 0x00000000d2e00000, 0x00000000ec680000)
  object space 223232K, 68% used [0x00000000c5400000,0x00000000cea0ea18,0x00000000d2e00000)
 PSPermGen       total 31744K, used 17046K [0x00000000c0200000, 0x00000000c2100000, 0x00000000c5400000)
  object space 31744K, 53% used [0x00000000c0200000,0x00000000c12a5b20,0x00000000c2100000)
}
Event: 68,716 GC heap before
{Heap before GC invocations=18 (full 6):
 PSYoungGen      total 97280K, used 97280K [0x00000000ec680000, 0x00000000f6b00000, 0x0000000100000000)
  eden space 57856K, 100% used [0x00000000ec680000,0x00000000eff00000,0x00000000eff00000)
  from space 39424K, 100% used [0x00000000eff00000,0x00000000f2580000,0x00000000f2580000)
  to   space 51712K, 0% used [0x00000000f3880000,0x00000000f3880000,0x00000000f6b00000)
 ParOldGen       total 223232K, used 153658K [0x00000000c5400000, 0x00000000d2e00000, 0x00000000ec680000)
  object space 223232K, 68% used [0x00000000c5400000,0x00000000cea0ea18,0x00000000d2e00000)
 PSPermGen       total 31744K, used 17046K [0x00000000c0200000, 0x00000000c2100000, 0x00000000c5400000)
  object space 31744K, 53% used [0x00000000c0200000,0x00000000c12a5b20,0x00000000c2100000)
Event: 69,767 GC heap after
Heap after GC invocations=18 (full 6):
 PSYoungGen      total 91648K, used 51712K [0x00000000ec680000, 0x00000000f9c00000, 0x0000000100000000)
  eden space 39936K, 0% used [0x00000000ec680000,0x00000000ec680000,0x00000000eed80000)
  from space 51712K, 100% used [0x00000000f3880000,0x00000000f6b00000,0x00000000f6b00000)
  to   space 76800K, 0% used [0x00000000eed80000,0x00000000eed80000,0x00000000f3880000)
 ParOldGen       total 223232K, used 198458K [0x00000000c5400000, 0x00000000d2e00000, 0x00000000ec680000)
  object space 223232K, 88% used [0x00000000c5400000,0x00000000d15cea18,0x00000000d2e00000)
 PSPermGen       total 31744K, used 17046K [0x00000000c0200000, 0x00000000c2100000, 0x00000000c5400000)
  object space 31744K, 53% used [0x00000000c0200000,0x00000000c12a5b20,0x00000000c2100000)
}
Event: 69,767 GC heap before
{Heap before GC invocations=19 (full 7):
 PSYoungGen      total 91648K, used 51712K [0x00000000ec680000, 0x00000000f9c00000, 0x0000000100000000)
  eden space 39936K, 0% used [0x00000000ec680000,0x00000000ec680000,0x00000000eed80000)
  from space 51712K, 100% used [0x00000000f3880000,0x00000000f6b00000,0x00000000f6b00000)
  to   space 76800K, 0% used [0x00000000eed80000,0x00000000eed80000,0x00000000f3880000)
 ParOldGen       total 223232K, used 198458K [0x00000000c5400000, 0x00000000d2e00000, 0x00000000ec680000)
  object space 223232K, 88% used [0x00000000c5400000,0x00000000d15cea18,0x00000000d2e00000)
 PSPermGen       total 31744K, used 17046K [0x00000000c0200000, 0x00000000c2100000, 0x00000000c5400000)
  object space 31744K, 53% used [0x00000000c0200000,0x00000000c12a5b20,0x00000000c2100000)
Event: 81,550 GC heap after
Heap after GC invocations=19 (full 7):
 PSYoungGen      total 91648K, used 21475K [0x00000000ec680000, 0x00000000f9c00000, 0x0000000100000000)
  eden space 39936K, 0% used [0x00000000ec680000,0x00000000ec680000,0x00000000eed80000)
  from space 51712K, 41% used [0x00000000f3880000,0x00000000f4d78e50,0x00000000f6b00000)
  to   space 76800K, 0% used [0x00000000eed80000,0x00000000eed80000,0x00000000f3880000)
 ParOldGen       total 355328K, used 223035K [0x00000000c5400000, 0x00000000daf00000, 0x00000000ec680000)
  object space 355328K, 62% used [0x00000000c5400000,0x00000000d2dcec38,0x00000000daf00000)
 PSPermGen       total 30208K, used 17046K [0x00000000c0200000, 0x00000000c1f80000, 0x00000000c5400000)
  object space 30208K, 56% used [0x00000000c0200000,0x00000000c12a5b20,0x00000000c1f80000)
}
Event: 82,097 GC heap before
{Heap before GC invocations=20 (full 7):
 PSYoungGen      total 91648K, used 24461K [0x00000000ec680000, 0x00000000f9c00000, 0x0000000100000000)
  eden space 39936K, 7% used [0x00000000ec680000,0x00000000ec96a8c8,0x00000000eed80000)
  from space 51712K, 41% used [0x00000000f3880000,0x00000000f4d78e50,0x00000000f6b00000)
  to   space 76800K, 0% used [0x00000000eed80000,0x00000000eed80000,0x00000000f3880000)
 ParOldGen       total 355328K, used 223035K [0x00000000c5400000, 0x00000000daf00000, 0x00000000ec680000)
  object space 355328K, 62% used [0x00000000c5400000,0x00000000d2dcec38,0x00000000daf00000)
 PSPermGen       total 30208K, used 17058K [0x00000000c0200000, 0x00000000c1f80000, 0x00000000c5400000)
  object space 30208K, 56% used [0x00000000c0200000,0x00000000c12a8b28,0x00000000c1f80000)
Event: 82,249 GC heap after
Heap after GC invocations=20 (full 7):
 PSYoungGen      total 61952K, used 21920K [0x00000000ec680000, 0x00000000f7f00000, 0x0000000100000000)
  eden space 39936K, 0% used [0x00000000ec680000,0x00000000ec680000,0x00000000eed80000)
  from space 22016K, 99% used [0x00000000eed80000,0x00000000f02e8000,0x00000000f0300000)
  to   space 72704K, 0% used [0x00000000f3800000,0x00000000f3800000,0x00000000f7f00000)
 ParOldGen       total 355328K, used 223035K [0x00000000c5400000, 0x00000000daf00000, 0x00000000ec680000)
  object space 355328K, 62% used [0x00000000c5400000,0x00000000d2dcec38,0x00000000daf00000)
 PSPermGen       total 30208K, used 17058K [0x00000000c0200000, 0x00000000c1f80000, 0x00000000c5400000)
  object space 30208K, 56% used [0x00000000c0200000,0x00000000c12a8b28,0x00000000c1f80000)
}
Event: 82,249 GC heap before
{Heap before GC invocations=21 (full 8):
 PSYoungGen      total 61952K, used 21920K [0x00000000ec680000, 0x00000000f7f00000, 0x0000000100000000)
  eden space 39936K, 0% used [0x00000000ec680000,0x00000000ec680000,0x00000000eed80000)
  from space 22016K, 99% used [0x00000000eed80000,0x00000000f02e8000,0x00000000f0300000)
  to   space 72704K, 0% used [0x00000000f3800000,0x00000000f3800000,0x00000000f7f00000)
 ParOldGen       total 355328K, used 223035K [0x00000000c5400000, 0x00000000daf00000, 0x00000000ec680000)
  object space 355328K, 62% used [0x00000000c5400000,0x00000000d2dcec38,0x00000000daf00000)
 PSPermGen       total 30208K, used 17058K [0x00000000c0200000, 0x00000000c1f80000, 0x00000000c5400000)
  object space 30208K, 56% used [0x00000000c0200000,0x00000000c12a8b28,0x00000000c1f80000)
Event: 83,942 GC heap after
Heap after GC invocations=21 (full 8):
 PSYoungGen      total 61952K, used 0K [0x00000000ec680000, 0x00000000f7f00000, 0x0000000100000000)
  eden space 39936K, 0% used [0x00000000ec680000,0x00000000ec680000,0x00000000eed80000)
  from space 22016K, 0% used [0x00000000eed80000,0x00000000eed80000,0x00000000f0300000)
  to   space 72704K, 0% used [0x00000000f3800000,0x00000000f3800000,0x00000000f7f00000)
 ParOldGen       total 355328K, used 240648K [0x00000000c5400000, 0x00000000daf00000, 0x00000000ec680000)
  object space 355328K, 67% used [0x00000000c5400000,0x00000000d3f023e8,0x00000000daf00000)
 PSPermGen       total 28672K, used 17058K [0x00000000c0200000, 0x00000000c1e00000, 0x00000000c5400000)
  object space 28672K, 59% used [0x00000000c0200000,0x00000000c12a8b28,0x00000000c1e00000)
}

